<?xml version="1.0" encoding="UTF-8"?>
<testsuite xmlns:xsi="http://www.w3.org/2001/XMLSchema-instance" xsi:noNamespaceSchemaLocation="https://maven.apache.org/surefire/maven-surefire-plugin/xsd/surefire-test-report-3.0.xsd" version="3.0" name="com.healthtrack.UsuarioTest" time="0.032" tests="6" errors="0" skipped="0" failures="0">
  <properties>
[...]
</properties>
  <testcase name="testMostrarInformacion" classname="com.healthtrack.UsuarioTest" time="0.011"/>
  <testcase name="testActualizarPesoCero" classname="com.healthtrack.UsuarioTest" time="0.002"/>
  <testcase name="testToString_DeberiaIncluirNombreYPeso" classname="com.healthtrack.UsuarioTest" time="0.004"/>
  <testcase name="testActualizarPesoNegativo" classname="com.healthtrack.UsuarioTest" time="0.001"/>
  <testcase name="testGettersYSetters" classname="com.healthtrack.UsuarioTest" time="0.001"/>
  <testcase name="testActualizarPeso_DeberiaActualizarCorrectamente" classname="com.healthtrack.UsuarioTest" time="0.003"/>
</testsuite>